[2019-01-05 16:25:52] Текст ошибки: Страница не найдена | Файл: C:\OSPanel\domains\ishop\public\index.php | Строка: 8

=============================================

[2019-01-05 16:25:53] Текст ошибки: Страница не найдена | Файл: C:\OSPanel\domains\ishop\public\index.php | Строка: 8

=============================================

[2019-01-05 16:26:46] Текст ошибки: Страница не найдена
 Файл: C:\OSPanel\domains\ishop\public\index.php
 Строка: 8

=============================================

[2019-01-05 16:27:09] Текст ошибки: Страница не найдена
 Файл: C:\OSPanel\domains\ishop\public\index.php
 Строка: 8

=============================================

[2019-01-05 16:27:36] Текст ошибки: Страница не найдена
 Файл: C:\OSPanel\domains\ishop\public\index.php
 Строка: 8

=============================================

[2019-01-05 16:28:05] Текст ошибки: Страница не найдена
 Файл: C:\OSPanel\domains\ishop\public\index.php
 Строка: 8

=============================================

[2019-01-05 16:41:21] Текст ошибки: Страница не найдена
 Файл: C:\OSPanel\domains\ishop\public\index.php
 Строка: 8

=============================================

[2019-01-05 16:41:31] Текст ошибки: Страница не найдена
 Файл: C:\OSPanel\domains\ishop\public\index.php
 Строка: 8

=============================================

[2019-01-05 16:46:41] Текст ошибки: Страница не найдена
 Файл: C:\OSPanel\domains\ishop\public\index.php
 Строка: 8

=============================================

[2019-01-05 16:46:43] Текст ошибки: Страница не найдена
 Файл: C:\OSPanel\domains\ishop\public\index.php
 Строка: 8

=============================================

[2019-01-05 16:46:55] Текст ошибки: Страница не найдена
 Файл: C:\OSPanel\domains\ishop\public\index.php
 Строка: 8

=============================================

[2019-01-05 16:46:56] Текст ошибки: Страница не найдена
 Файл: C:\OSPanel\domains\ishop\public\index.php
 Строка: 8

=============================================

[2019-01-05 16:46:58] Текст ошибки: Страница не найдена
 Файл: C:\OSPanel\domains\ishop\public\index.php
 Строка: 8

=============================================

[2019-01-05 16:47:31] Текст ошибки: Страница не найдена
 Файл: C:\OSPanel\domains\ishop\public\index.php
 Строка: 8

=============================================

[2019-01-05 16:47:34] Текст ошибки: Страница не найдена
 Файл: C:\OSPanel\domains\ishop\public\index.php
 Строка: 8

=============================================

[2019-01-05 16:47:51] Текст ошибки: Страница не найдена
 Файл: C:\OSPanel\domains\ishop\public\index.php
 Строка: 8

=============================================

[2019-01-05 16:48:13] Текст ошибки: Страница не найдена
 Файл: C:\OSPanel\domains\ishop\public\index.php
 Строка: 8

=============================================

[2019-01-05 16:55:11] Текст ошибки: Страница не найдена
 Файл: C:\OSPanel\domains\ishop\public\index.php
 Строка: 8

=============================================

[2019-01-05 16:55:26] Текст ошибки: Страница не найдена
 Файл: C:\OSPanel\domains\ishop\public\index.php
 Строка: 8

=============================================

[2019-01-05 17:22:21] Текст ошибки: Страница не найдена
 Файл: C:\OSPanel\domains\ishop\public\index.php
 Строка: 8

=============================================

[2019-01-05 18:40:54] Текст ошибки: Страница не найдена
 Файл: C:\OSPanel\domains\ishop\vendor\ishop\core\Router.php
 Строка: 33

=============================================

[2019-01-05 18:41:11] Текст ошибки: Страница не найдена
 Файл: C:\OSPanel\domains\ishop\vendor\ishop\core\Router.php
 Строка: 33

=============================================

[2019-01-05 18:44:18] Текст ошибки: Страница не найдена
 Файл: C:\OSPanel\domains\ishop\vendor\ishop\core\Router.php
 Строка: 34

=============================================

[2019-01-05 18:44:20] Текст ошибки: Страница не найдена
 Файл: C:\OSPanel\domains\ishop\vendor\ishop\core\Router.php
 Строка: 34

=============================================

[2019-01-05 18:45:21] Текст ошибки: Страница не найдена
 Файл: C:\OSPanel\domains\ishop\vendor\ishop\core\Router.php
 Строка: 34

=============================================

[2019-01-05 18:45:23] Текст ошибки: Argument 1 passed to debug() must be of the type array, string given, called in C:\OSPanel\domains\ishop\vendor\ishop\core\Router.php on line 32
 Файл: C:\OSPanel\domains\ishop\vendor\ishop\core\libs\functions.php
 Строка: 8

=============================================

[2019-01-05 18:46:06] Текст ошибки: Страница не найдена
 Файл: C:\OSPanel\domains\ishop\vendor\ishop\core\Router.php
 Строка: 34

=============================================

[2019-01-05 18:46:36] Текст ошибки: Страница не найдена
 Файл: C:\OSPanel\domains\ishop\vendor\ishop\core\Router.php
 Строка: 34

=============================================

[2019-01-05 18:46:56] Текст ошибки: Страница не найдена
 Файл: C:\OSPanel\domains\ishop\vendor\ishop\core\Router.php
 Строка: 34

=============================================

[2019-01-05 18:46:57] Текст ошибки: Страница не найдена
 Файл: C:\OSPanel\domains\ishop\vendor\ishop\core\Router.php
 Строка: 34

=============================================

[2019-01-05 18:47:07] Текст ошибки: Страница не найдена
 Файл: C:\OSPanel\domains\ishop\vendor\ishop\core\Router.php
 Строка: 34

=============================================

[2019-01-05 18:47:40] Текст ошибки: Страница не найдена
 Файл: C:\OSPanel\domains\ishop\vendor\ishop\core\Router.php
 Строка: 34

=============================================

[2019-01-05 18:48:57] Текст ошибки: Страница не найдена
 Файл: C:\OSPanel\domains\ishop\vendor\ishop\core\Router.php
 Строка: 34

=============================================

[2019-01-05 18:49:00] Текст ошибки: Страница не найдена
 Файл: C:\OSPanel\domains\ishop\vendor\ishop\core\Router.php
 Строка: 34

=============================================

[2019-01-05 18:49:56] Текст ошибки: Страница не найдена
 Файл: C:\OSPanel\domains\ishop\vendor\ishop\core\Router.php
 Строка: 34

=============================================

[2019-01-05 18:50:39] Текст ошибки: Страница не найдена
 Файл: C:\OSPanel\domains\ishop\vendor\ishop\core\Router.php
 Строка: 34

=============================================

[2019-01-05 18:50:55] Текст ошибки: Страница не найдена
 Файл: C:\OSPanel\domains\ishop\vendor\ishop\core\Router.php
 Строка: 34

=============================================

[2019-01-05 18:51:13] Текст ошибки: Страница не найдена
 Файл: C:\OSPanel\domains\ishop\vendor\ishop\core\Router.php
 Строка: 34

=============================================

[2019-01-05 18:51:27] Текст ошибки: Страница не найдена
 Файл: C:\OSPanel\domains\ishop\vendor\ishop\core\Router.php
 Строка: 34

=============================================

[2019-01-05 18:51:28] Текст ошибки: Страница не найдена
 Файл: C:\OSPanel\domains\ishop\vendor\ishop\core\Router.php
 Строка: 34

=============================================

[2019-01-05 18:53:09] Текст ошибки: Страница не найдена
 Файл: C:\OSPanel\domains\ishop\vendor\ishop\core\Router.php
 Строка: 34

=============================================

[2019-01-05 18:53:11] Текст ошибки: Страница не найдена
 Файл: C:\OSPanel\domains\ishop\vendor\ishop\core\Router.php
 Строка: 34

=============================================

[2019-01-05 18:57:59] Текст ошибки: Страница не найдена
 Файл: C:\OSPanel\domains\ishop\vendor\ishop\core\Router.php
 Строка: 34

=============================================

[2019-01-05 18:58:01] Текст ошибки: Страница не найдена
 Файл: C:\OSPanel\domains\ishop\vendor\ishop\core\Router.php
 Строка: 34

=============================================

[2019-01-05 18:58:09] Текст ошибки: Страница не найдена
 Файл: C:\OSPanel\domains\ishop\vendor\ishop\core\Router.php
 Строка: 34

=============================================

[2019-01-05 18:58:49] Текст ошибки: Страница не найдена
 Файл: C:\OSPanel\domains\ishop\vendor\ishop\core\Router.php
 Строка: 34

=============================================

[2019-01-05 19:02:37] Текст ошибки: Страница не найдена
 Файл: C:\OSPanel\domains\ishop\vendor\ishop\core\Router.php
 Строка: 34

=============================================

[2019-01-05 19:18:19] Текст ошибки: Контроллер app\controllers\CheTamController не найден
 Файл: C:\OSPanel\domains\ishop\vendor\ishop\core\Router.php
 Строка: 37

=============================================

[2019-01-05 19:23:02] Текст ошибки: Контроллер app\controllers\CheTamController не найден
 Файл: C:\OSPanel\domains\ishop\vendor\ishop\core\Router.php
 Строка: 41

=============================================

[2019-01-05 19:23:07] Текст ошибки: Контроллер app\controllers\MainController не найден
 Файл: C:\OSPanel\domains\ishop\vendor\ishop\core\Router.php
 Строка: 41

=============================================

[2019-01-05 19:23:07] Текст ошибки: Контроллер app\controllers\MainController не найден
 Файл: C:\OSPanel\domains\ishop\vendor\ishop\core\Router.php
 Строка: 41

=============================================

[2019-01-05 19:23:24] Текст ошибки: Метод  контроллера app\controllers\MainController не найден
 Файл: C:\OSPanel\domains\ishop\vendor\ishop\core\Router.php
 Строка: 38

=============================================

[2019-01-05 19:23:42] Текст ошибки: Метод indexAction контроллера app\controllers\MainController не найден
 Файл: C:\OSPanel\domains\ishop\vendor\ishop\core\Router.php
 Строка: 38

=============================================

[2019-01-07 22:34:41] Текст ошибки: Страница не найдена
 Файл: C:\OSPanel\domains\ishop\vendor\ishop\core\Router.php
 Строка: 44

=============================================

[2019-01-07 23:07:36] Текст ошибки: Контроллер app\controllers\adminMainController не найден
 Файл: C:\OSPanel\domains\ishop\vendor\ishop\core\Router.php
 Строка: 42

=============================================

[2019-01-07 23:07:42] Текст ошибки: Контроллер app\controllers\adminSwdgsdgController не найден
 Файл: C:\OSPanel\domains\ishop\vendor\ishop\core\Router.php
 Строка: 42

=============================================

